<?xml version="1.0" encoding="UTF-8"?>
<!-- Generated by org.testng.reporters.JUnitXMLReporter -->
<testsuite hostname="LAPTOP-JLPCQCSL" ignored="0" name="Command line test" tests="11" failures="0" timestamp="23 Aug 2018 14:35:52 GMT" time="31.493" errors="0">
  <testcase name="blankLoginTest" time="1.068" classname="test.BonifyLoginPageTest"/>
  <testcase name="blankEmailLoginTest" time="2.394" classname="test.BonifyLoginPageTest"/>
  <testcase name="blankPasswordLoginTest" time="3.407" classname="test.BonifyLoginPageTest"/>
  <testcase name="InvalidLoginTest" time="2.369" classname="test.BonifyLoginPageTest"/>
  <testcase name="ForgotPasswordLinkTest" time="0.314" classname="test.BonifyLoginPageTest"/>
  <testcase name="RegisterLinkTest" time="1.382" classname="test.BonifyLoginPageTest"/>
  <testcase name="ValidLoginTest" time="1.876" classname="test.BonifyLoginPageTest"/>
  <testcase name="LogoutTest" time="2.62" classname="test.BonifyLoginPageTest"/>
  <testcase name="ImpressumLinkTest" time="2.059" classname="test.BonifyLoginPageTest"/>
  <testcase name="AgbLinkTest" time="2.176" classname="test.BonifyLoginPageTest"/>
  <testcase name="DatenschutzLinkTest" time="3.558" classname="test.BonifyLoginPageTest"/>
</testsuite> <!-- Command line test -->
