<?xml version="1.0" encoding="UTF-8"?>
<testng-results skipped="0" failed="0" ignored="0" total="11" passed="11">
  <reporter-output>
  </reporter-output>
  <suite name="test.BonifyLoginPageTest" duration-ms="31493" started-at="2018-08-23T14:35:20Z" finished-at="2018-08-23T14:35:52Z">
    <groups>
    </groups>
    <test name="Command line test" duration-ms="31493" started-at="2018-08-23T14:35:20Z" finished-at="2018-08-23T14:35:52Z">
      <class name="test.BonifyLoginPageTest">
        <test-method status="PASS" signature="setup()[pri:0, instance:test.BonifyLoginPageTest@73f792cf]" name="setup" is-config="true" duration-ms="8203" started-at="2018-08-23T14:35:20Z" finished-at="2018-08-23T14:35:29Z">
          <reporter-output>
          </reporter-output>
        </test-method> <!-- setup -->
        <test-method status="PASS" signature="blankLoginTest()[pri:1, instance:test.BonifyLoginPageTest@73f792cf]" name="blankLoginTest" duration-ms="1068" started-at="2018-08-23T14:35:29Z" finished-at="2018-08-23T14:35:30Z">
          <reporter-output>
          </reporter-output>
        </test-method> <!-- blankLoginTest -->
        <test-method status="PASS" signature="blankEmailLoginTest()[pri:2, instance:test.BonifyLoginPageTest@73f792cf]" name="blankEmailLoginTest" duration-ms="2394" started-at="2018-08-23T14:35:30Z" finished-at="2018-08-23T14:35:32Z">
          <reporter-output>
          </reporter-output>
        </test-method> <!-- blankEmailLoginTest -->
        <test-method status="PASS" signature="blankPasswordLoginTest()[pri:3, instance:test.BonifyLoginPageTest@73f792cf]" name="blankPasswordLoginTest" duration-ms="3407" started-at="2018-08-23T14:35:32Z" finished-at="2018-08-23T14:35:35Z">
          <reporter-output>
          </reporter-output>
        </test-method> <!-- blankPasswordLoginTest -->
        <test-method status="PASS" signature="InvalidLoginTest()[pri:4, instance:test.BonifyLoginPageTest@73f792cf]" name="InvalidLoginTest" duration-ms="2369" started-at="2018-08-23T14:35:35Z" finished-at="2018-08-23T14:35:38Z">
          <reporter-output>
          </reporter-output>
        </test-method> <!-- InvalidLoginTest -->
        <test-method status="PASS" signature="ForgotPasswordLinkTest()[pri:5, instance:test.BonifyLoginPageTest@73f792cf]" name="ForgotPasswordLinkTest" duration-ms="314" started-at="2018-08-23T14:35:38Z" finished-at="2018-08-23T14:35:38Z">
          <reporter-output>
          </reporter-output>
        </test-method> <!-- ForgotPasswordLinkTest -->
        <test-method status="PASS" signature="RegisterLinkTest()[pri:6, instance:test.BonifyLoginPageTest@73f792cf]" name="RegisterLinkTest" duration-ms="1382" started-at="2018-08-23T14:35:38Z" finished-at="2018-08-23T14:35:40Z">
          <reporter-output>
          </reporter-output>
        </test-method> <!-- RegisterLinkTest -->
        <test-method status="PASS" signature="ValidLoginTest()[pri:7, instance:test.BonifyLoginPageTest@73f792cf]" name="ValidLoginTest" duration-ms="1876" started-at="2018-08-23T14:35:40Z" finished-at="2018-08-23T14:35:41Z">
          <reporter-output>
          </reporter-output>
        </test-method> <!-- ValidLoginTest -->
        <test-method status="PASS" signature="LogoutTest()[pri:8, instance:test.BonifyLoginPageTest@73f792cf]" name="LogoutTest" duration-ms="2620" started-at="2018-08-23T14:35:41Z" finished-at="2018-08-23T14:35:44Z">
          <reporter-output>
          </reporter-output>
        </test-method> <!-- LogoutTest -->
        <test-method status="PASS" signature="ImpressumLinkTest()[pri:9, instance:test.BonifyLoginPageTest@73f792cf]" name="ImpressumLinkTest" duration-ms="2059" started-at="2018-08-23T14:35:44Z" finished-at="2018-08-23T14:35:46Z">
          <reporter-output>
          </reporter-output>
        </test-method> <!-- ImpressumLinkTest -->
        <test-method status="PASS" signature="AgbLinkTest()[pri:10, instance:test.BonifyLoginPageTest@73f792cf]" name="AgbLinkTest" duration-ms="2176" started-at="2018-08-23T14:35:46Z" finished-at="2018-08-23T14:35:48Z">
          <reporter-output>
          </reporter-output>
        </test-method> <!-- AgbLinkTest -->
        <test-method status="PASS" signature="DatenschutzLinkTest()[pri:11, instance:test.BonifyLoginPageTest@73f792cf]" name="DatenschutzLinkTest" duration-ms="3558" started-at="2018-08-23T14:35:48Z" finished-at="2018-08-23T14:35:52Z">
          <reporter-output>
          </reporter-output>
        </test-method> <!-- DatenschutzLinkTest -->
      </class> <!-- test.BonifyLoginPageTest -->
    </test> <!-- Command line test -->
  </suite> <!-- test.BonifyLoginPageTest -->
</testng-results>
