<?xml version="1.0" encoding="UTF-8"?>
<testng-results skipped="0" failed="0" ignored="0" total="11" passed="11">
  <reporter-output>
  </reporter-output>
  <suite name="test.BonifyLoginPageTest" duration-ms="20554" started-at="2018-08-24T14:23:38Z" finished-at="2018-08-24T14:23:59Z">
    <groups>
    </groups>
    <test name="Command line test" duration-ms="20554" started-at="2018-08-24T14:23:38Z" finished-at="2018-08-24T14:23:59Z">
      <class name="test.BonifyLoginPageTest">
        <test-method status="PASS" signature="setup()[pri:0, instance:test.BonifyLoginPageTest@73f792cf]" name="setup" is-config="true" duration-ms="8159" started-at="2018-08-24T14:23:38Z" finished-at="2018-08-24T14:23:46Z">
          <reporter-output>
          </reporter-output>
        </test-method> <!-- setup -->
        <test-method status="PASS" signature="blankLoginTest()[pri:1, instance:test.BonifyLoginPageTest@73f792cf]" name="blankLoginTest" duration-ms="930" started-at="2018-08-24T14:23:46Z" finished-at="2018-08-24T14:23:47Z">
          <reporter-output>
          </reporter-output>
        </test-method> <!-- blankLoginTest -->
        <test-method status="PASS" signature="blankEmailLoginTest()[pri:2, instance:test.BonifyLoginPageTest@73f792cf]" name="blankEmailLoginTest" duration-ms="1987" started-at="2018-08-24T14:23:47Z" finished-at="2018-08-24T14:23:49Z">
          <reporter-output>
          </reporter-output>
        </test-method> <!-- blankEmailLoginTest -->
        <test-method status="PASS" signature="blankPasswordLoginTest()[pri:3, instance:test.BonifyLoginPageTest@73f792cf]" name="blankPasswordLoginTest" duration-ms="2217" started-at="2018-08-24T14:23:49Z" finished-at="2018-08-24T14:23:51Z">
          <reporter-output>
          </reporter-output>
        </test-method> <!-- blankPasswordLoginTest -->
        <test-method status="PASS" signature="InvalidLoginTest()[pri:4, instance:test.BonifyLoginPageTest@73f792cf]" name="InvalidLoginTest" duration-ms="1737" started-at="2018-08-24T14:23:51Z" finished-at="2018-08-24T14:23:53Z">
          <reporter-output>
          </reporter-output>
        </test-method> <!-- InvalidLoginTest -->
        <test-method status="PASS" signature="ForgotPasswordLinkTest()[pri:5, instance:test.BonifyLoginPageTest@73f792cf]" name="ForgotPasswordLinkTest" duration-ms="352" started-at="2018-08-24T14:23:53Z" finished-at="2018-08-24T14:23:54Z">
          <reporter-output>
          </reporter-output>
        </test-method> <!-- ForgotPasswordLinkTest -->
        <test-method status="PASS" signature="RegisterLinkTest()[pri:6, instance:test.BonifyLoginPageTest@73f792cf]" name="RegisterLinkTest" duration-ms="1038" started-at="2018-08-24T14:23:54Z" finished-at="2018-08-24T14:23:55Z">
          <reporter-output>
          </reporter-output>
        </test-method> <!-- RegisterLinkTest -->
        <test-method status="PASS" signature="ValidLoginTest()[pri:7, instance:test.BonifyLoginPageTest@73f792cf]" name="ValidLoginTest" duration-ms="1764" started-at="2018-08-24T14:23:55Z" finished-at="2018-08-24T14:23:56Z">
          <reporter-output>
          </reporter-output>
        </test-method> <!-- ValidLoginTest -->
        <test-method status="PASS" signature="LogoutTest()[pri:8, instance:test.BonifyLoginPageTest@73f792cf]" name="LogoutTest" duration-ms="641" started-at="2018-08-24T14:23:56Z" finished-at="2018-08-24T14:23:57Z">
          <reporter-output>
          </reporter-output>
        </test-method> <!-- LogoutTest -->
        <test-method status="PASS" signature="ImpressumLinkTest()[pri:9, instance:test.BonifyLoginPageTest@73f792cf]" name="ImpressumLinkTest" duration-ms="16" started-at="2018-08-24T14:23:57Z" finished-at="2018-08-24T14:23:57Z">
          <reporter-output>
          </reporter-output>
        </test-method> <!-- ImpressumLinkTest -->
        <test-method status="PASS" signature="AgbLinkTest()[pri:10, instance:test.BonifyLoginPageTest@73f792cf]" name="AgbLinkTest" duration-ms="282" started-at="2018-08-24T14:23:57Z" finished-at="2018-08-24T14:23:57Z">
          <reporter-output>
          </reporter-output>
        </test-method> <!-- AgbLinkTest -->
        <test-method status="PASS" signature="DatenschutzLinkTest()[pri:11, instance:test.BonifyLoginPageTest@73f792cf]" name="DatenschutzLinkTest" duration-ms="1399" started-at="2018-08-24T14:23:57Z" finished-at="2018-08-24T14:23:59Z">
          <reporter-output>
          </reporter-output>
        </test-method> <!-- DatenschutzLinkTest -->
      </class> <!-- test.BonifyLoginPageTest -->
    </test> <!-- Command line test -->
  </suite> <!-- test.BonifyLoginPageTest -->
</testng-results>
